
Showing logs for build [32mcb-kubecd-environment-pr-243-3-rgbfz-1[0m stage [32mfrom-build-pack[0m and container [32mstep-credential-initializer-sbpw8[0m
{"level":"info","ts":1593140101.720636,"logger":"fallback-logger","caller":"logging/config.go:69","msg":"Fetch GitHub commit ID from kodata failed: open /var/run/ko/refs/heads/0.8.0-ns-support: no such file or directory"}
{"level":"info","ts":1593140101.7209177,"logger":"fallback-logger","caller":"creds-init/main.go:40","msg":"Credentials initialized."}

Showing logs for build [32mcb-kubecd-environment-pr-243-3-rgbfz-1[0m stage [32mfrom-build-pack[0m and container [32mstep-working-dir-initializer-cgjwv[0m
{"level":"info","ts":1593140103.0041819,"logger":"fallback-logger","caller":"logging/config.go:69","msg":"Fetch GitHub commit ID from kodata failed: open /var/run/ko/HEAD: no such file or directory"}
{"level":"info","ts":1593140103.0069842,"logger":"fallback-logger","caller":"bash/main.go:64","msg":"Successfully executed command \"sh -c mkdir -p /workspace/source\"; output "}

Showing logs for build [32mcb-kubecd-environment-pr-243-3-rgbfz-1[0m stage [32mfrom-build-pack[0m and container [32mstep-place-tools[0m

Showing logs for build [32mcb-kubecd-environment-pr-243-3-rgbfz-1[0m stage [32mfrom-build-pack[0m and container [32mstep-git-source-cb-kubecd-environment-pr-243-3-rgbfz-259pp[0m
{"level":"info","ts":1593140108.1758628,"logger":"fallback-logger","caller":"logging/config.go:69","msg":"Fetch GitHub commit ID from kodata failed: open /var/run/ko/refs/heads/0.8.0-ns-support: no such file or directory"}
{"level":"info","ts":1593140108.3788257,"logger":"fallback-logger","caller":"git/git.go:103","msg":"Successfully cloned https://github.com/cb-kubecd/environment-pr-243-3-boot-eks-staging.git @ master in path /workspace/source"}

Showing logs for build [32mcb-kubecd-environment-pr-243-3-rgbfz-1[0m stage [32mfrom-build-pack[0m and container [32mstep-setup-builder-home[0m

Showing logs for build [32mcb-kubecd-environment-pr-243-3-rgbfz-1[0m stage [32mfrom-build-pack[0m and container [32mstep-git-merge[0m
Using SHAs from PULL_REFS=master:ce0ceab8a71a26aa84bf5db5f78461a67af953e2,1:67810d888e0f88fbf670bf42b336867c059292f5
DEBUG: LC_ALL=C JX_LOG_LEVEL=error git fetch origin --unshallow 67810d888e0f88fbf670bf42b336867c059292f5: ce0ceab8a71a26aa84bf5db5f78461a67af953e2:
DEBUG: ran git fetch --unshallow origin 67810d888e0f88fbf670bf42b336867c059292f5: ce0ceab8a71a26aa84bf5db5f78461a67af953e2: in 
DEBUG: JX_LOG_LEVEL=error LC_ALL=C git branch
DEBUG: LC_ALL=C JX_LOG_LEVEL=error git checkout master
DEBUG: ran git checkout master in 
DEBUG: LC_ALL=C JX_LOG_LEVEL=error git reset --hard ce0ceab8a71a26aa84bf5db5f78461a67af953e2
DEBUG: ran git reset --hard ce0ceab8a71a26aa84bf5db5f78461a67af953e2 in 
DEBUG: LC_ALL=C JX_LOG_LEVEL=error git clean -fd .
DEBUG: ran clean --force -d . in 
DEBUG: JX_LOG_LEVEL=error LC_ALL=C git merge 67810d888e0f88fbf670bf42b336867c059292f5
DEBUG: ran git merge 67810d888e0f88fbf670bf42b336867c059292f5 in 
DEBUG: LC_ALL=C JX_LOG_LEVEL=error git log --format=%H%x1f%an%x1f%ae%x1f%cn%x1f%ce%x1f%s%n%b%x1e ce0ceab8a71a26aa84bf5db5f78461a67af953e2..HEAD
Merged SHA 67810d888e0f88fbf670bf42b336867c059292f5 with commit message 'chore: Promote bdd-spring-1593139501 to version 0.0.1' into base branch master

Showing logs for build [32mcb-kubecd-environment-pr-243-3-rgbfz-1[0m stage [32mfrom-build-pack[0m and container [32mstep-build-helm-build[0m
WARNING: No $CHART_REPOSITORY defined so using the default value of: http://jenkins-x-chartmuseum:8080
Adding missing Helm repo: storage.googleapis.com https://storage.googleapis.com/chartmuseum.jenkins-x.io
WARNING: No secrets found on "helm/repos" due: reading the secret "helm/repos" from vault: no secret "helm/repos" not found in vault
Read credentials for https://storage.googleapis.com/chartmuseum.jenkins-x.io from vault helm/repos
Successfully added Helm repository storage.googleapis.com.
Adding missing Helm repo: jenkins-x-chartmuseum http://jenkins-x-chartmuseum:8080
WARNING: No secrets found on "helm/repos" due: reading the secret "helm/repos" from vault: no secret "helm/repos" not found in vault
Read credentials for http://jenkins-x-chartmuseum:8080 from vault helm/repos
Successfully added Helm repository jenkins-x-chartmuseum.
WARNING: No $CHART_REPOSITORY defined so using the default value of: http://jenkins-x-chartmuseum:8080
Adding missing Helm repo: chartmuseum.jenkins-x.io http://chartmuseum.jenkins-x.io
WARNING: No secrets found on "helm/repos" due: reading the secret "helm/repos" from vault: no secret "helm/repos" not found in vault
Read credentials for http://chartmuseum.jenkins-x.io from vault helm/repos
Successfully added Helm repository chartmuseum.jenkins-x.io.
